----------------------------------------------------------------
Wed Apr 29 18:10:54 CEST 2020:
Booting Derby version The Apache Software Foundation - Apache Derby - 10.11.1.1 - (1616546): instance a816c00e-0171-c6b4-8f3f-00000c4b3c18 
on database directory C:\Users\DamienDeom\OneDrive - ENERGISME\Documents\Code\nifi\nifi-dbcp-service-bundle\nifi-dbcp-service\target\junit553378112470039532\db with class loader sun.misc.Launcher$AppClassLoader@18b4aac2 
Loaded from file:/C:/Users/DamienDeom/.m2/repository/org/apache/derby/derby/10.11.1.1/derby-10.11.1.1.jar
java.vendor=Oracle Corporation
java.runtime.version=1.8.0_241-b07
user.dir=C:\Users\DamienDeom\OneDrive - ENERGISME\Documents\Code\nifi\nifi-dbcp-service-bundle\nifi-dbcp-service
os.name=Windows 10
os.arch=amd64
os.version=10.0
derby.system.home=null
derby.stream.error.file=target/derby.log
Database Class Loader started - derby.database.classpath=''
----------------------------------------------------------------
Wed Apr 29 18:10:56 CEST 2020:
Booting Derby version The Apache Software Foundation - Apache Derby - 10.11.1.1 - (1616546): instance f55fc0a6-0171-c6b4-8f3f-00000c4b3c18 
on database directory C:\Users\DamienDeom\OneDrive - ENERGISME\Documents\Code\nifi\nifi-dbcp-service-bundle\nifi-dbcp-service\target\junit2854015808145630308\db with class loader sun.misc.Launcher$AppClassLoader@18b4aac2 
Loaded from file:/C:/Users/DamienDeom/.m2/repository/org/apache/derby/derby/10.11.1.1/derby-10.11.1.1.jar
java.vendor=Oracle Corporation
java.runtime.version=1.8.0_241-b07
user.dir=C:\Users\DamienDeom\OneDrive - ENERGISME\Documents\Code\nifi\nifi-dbcp-service-bundle\nifi-dbcp-service
os.name=Windows 10
os.arch=amd64
os.version=10.0
derby.system.home=null
derby.stream.error.file=target/derby.log
Database Class Loader started - derby.database.classpath=''
----------------------------------------------------------------
Wed Apr 29 18:10:56 CEST 2020:
Booting Derby version The Apache Software Foundation - Apache Derby - 10.11.1.1 - (1616546): instance 5938c13e-0171-c6b4-8f3f-00000c4b3c18 
on database directory C:\Users\DamienDeom\OneDrive - ENERGISME\Documents\Code\nifi\nifi-dbcp-service-bundle\nifi-dbcp-service\target\junit5203487678095293361\db with class loader sun.misc.Launcher$AppClassLoader@18b4aac2 
Loaded from file:/C:/Users/DamienDeom/.m2/repository/org/apache/derby/derby/10.11.1.1/derby-10.11.1.1.jar
java.vendor=Oracle Corporation
java.runtime.version=1.8.0_241-b07
user.dir=C:\Users\DamienDeom\OneDrive - ENERGISME\Documents\Code\nifi\nifi-dbcp-service-bundle\nifi-dbcp-service
os.name=Windows 10
os.arch=amd64
os.version=10.0
derby.system.home=null
derby.stream.error.file=target/derby.log
Database Class Loader started - derby.database.classpath=''
----------------------------------------------------------------
Wed Apr 29 18:10:57 CEST 2020:
Booting Derby version The Apache Software Foundation - Apache Derby - 10.11.1.1 - (1616546): instance d3a1c1d6-0171-c6b4-8f3f-00000c4b3c18 
on database directory C:\Users\DamienDeom\OneDrive - ENERGISME\Documents\Code\nifi\nifi-dbcp-service-bundle\nifi-dbcp-service\target\junit935721836853116667\db with class loader sun.misc.Launcher$AppClassLoader@18b4aac2 
Loaded from file:/C:/Users/DamienDeom/.m2/repository/org/apache/derby/derby/10.11.1.1/derby-10.11.1.1.jar
java.vendor=Oracle Corporation
java.runtime.version=1.8.0_241-b07
user.dir=C:\Users\DamienDeom\OneDrive - ENERGISME\Documents\Code\nifi\nifi-dbcp-service-bundle\nifi-dbcp-service
os.name=Windows 10
os.arch=amd64
os.version=10.0
derby.system.home=null
derby.stream.error.file=target/derby.log
Database Class Loader started - derby.database.classpath=''
