----------------------------------------------------------------
Thu Apr 30 14:22:42 CEST 2020:
Booting Derby version The Apache Software Foundation - Apache Derby - 10.11.1.1 - (1616546): instance a816c00e-0171-cb0a-010d-00000cb61558 
on database directory C:\Users\DamienDeom\OneDrive - ENERGISME\Documents\Code\nifi\energisme-dbcp-service-bundle\energisme-dbcp-service\target\junit8734113683960650430\db with class loader sun.misc.Launcher$AppClassLoader@42a57993 
Loaded from file:/C:/Users/DamienDeom/.m2/repository/org/apache/derby/derby/10.11.1.1/derby-10.11.1.1.jar
java.vendor=Oracle Corporation
java.runtime.version=1.8.0_241-b07
user.dir=C:\Users\DamienDeom\OneDrive - ENERGISME\Documents\Code\nifi\energisme-dbcp-service-bundle\energisme-dbcp-service
os.name=Windows 10
os.arch=amd64
os.version=10.0
derby.system.home=null
derby.stream.error.file=target/derby.log
Database Class Loader started - derby.database.classpath=''
----------------------------------------------------------------
Thu Apr 30 14:22:44 CEST 2020:
Booting Derby version The Apache Software Foundation - Apache Derby - 10.11.1.1 - (1616546): instance f55fc0a6-0171-cb0a-010d-00000cb61558 
on database directory C:\Users\DamienDeom\OneDrive - ENERGISME\Documents\Code\nifi\energisme-dbcp-service-bundle\energisme-dbcp-service\target\junit5641404873830849726\db with class loader sun.misc.Launcher$AppClassLoader@42a57993 
Loaded from file:/C:/Users/DamienDeom/.m2/repository/org/apache/derby/derby/10.11.1.1/derby-10.11.1.1.jar
java.vendor=Oracle Corporation
java.runtime.version=1.8.0_241-b07
user.dir=C:\Users\DamienDeom\OneDrive - ENERGISME\Documents\Code\nifi\energisme-dbcp-service-bundle\energisme-dbcp-service
os.name=Windows 10
os.arch=amd64
os.version=10.0
derby.system.home=null
derby.stream.error.file=target/derby.log
Database Class Loader started - derby.database.classpath=''
----------------------------------------------------------------
Thu Apr 30 14:22:44 CEST 2020:
Booting Derby version The Apache Software Foundation - Apache Derby - 10.11.1.1 - (1616546): instance 5938c13e-0171-cb0a-010d-00000cb61558 
on database directory C:\Users\DamienDeom\OneDrive - ENERGISME\Documents\Code\nifi\energisme-dbcp-service-bundle\energisme-dbcp-service\target\junit2599637694376130482\db with class loader sun.misc.Launcher$AppClassLoader@42a57993 
Loaded from file:/C:/Users/DamienDeom/.m2/repository/org/apache/derby/derby/10.11.1.1/derby-10.11.1.1.jar
java.vendor=Oracle Corporation
java.runtime.version=1.8.0_241-b07
user.dir=C:\Users\DamienDeom\OneDrive - ENERGISME\Documents\Code\nifi\energisme-dbcp-service-bundle\energisme-dbcp-service
os.name=Windows 10
os.arch=amd64
os.version=10.0
derby.system.home=null
derby.stream.error.file=target/derby.log
Database Class Loader started - derby.database.classpath=''
----------------------------------------------------------------
Thu Apr 30 14:22:45 CEST 2020:
Booting Derby version The Apache Software Foundation - Apache Derby - 10.11.1.1 - (1616546): instance d3a1c1d6-0171-cb0a-010d-00000cb61558 
on database directory C:\Users\DamienDeom\OneDrive - ENERGISME\Documents\Code\nifi\energisme-dbcp-service-bundle\energisme-dbcp-service\target\junit8978447805087440965\db with class loader sun.misc.Launcher$AppClassLoader@42a57993 
Loaded from file:/C:/Users/DamienDeom/.m2/repository/org/apache/derby/derby/10.11.1.1/derby-10.11.1.1.jar
java.vendor=Oracle Corporation
java.runtime.version=1.8.0_241-b07
user.dir=C:\Users\DamienDeom\OneDrive - ENERGISME\Documents\Code\nifi\energisme-dbcp-service-bundle\energisme-dbcp-service
os.name=Windows 10
os.arch=amd64
os.version=10.0
derby.system.home=null
derby.stream.error.file=target/derby.log
Database Class Loader started - derby.database.classpath=''
